[1109/200808.195:ERROR:directory_reader_win.cc(43)] FindFirstFile: El sistema no puede encontrar la ruta especificada. (0x3)
[1109/202453.172:ERROR:directory_reader_win.cc(43)] FindFirstFile: El sistema no puede encontrar la ruta especificada. (0x3)
[1109/203807.431:ERROR:process_reader_win.cc(123)] NtOpenThread: {Acceso denegado} Un proceso ha solicitado acceso a un objeto, pero no se le han concedido esos derechos de acceso. (0xc0000022)
[1109/203807.433:ERROR:exception_snapshot_win.cc(99)] thread ID 14492 not found in process
[1109/203807.433:ERROR:process_reader_win.cc(123)] NtOpenThread: {Acceso denegado} Un proceso ha solicitado acceso a un objeto, pero no se le han concedido esos derechos de acceso. (0xc0000022)
[1109/203807.453:ERROR:process_reader_win.cc(123)] NtOpenThread: {Acceso denegado} Un proceso ha solicitado acceso a un objeto, pero no se le han concedido esos derechos de acceso. (0xc0000022)
[1109/203807.463:ERROR:process_reader_win.cc(123)] NtOpenThread: {Acceso denegado} Un proceso ha solicitado acceso a un objeto, pero no se le han concedido esos derechos de acceso. (0xc0000022)
[1109/203807.463:ERROR:process_reader_win.cc(123)] NtOpenThread: {Acceso denegado} Un proceso ha solicitado acceso a un objeto, pero no se le han concedido esos derechos de acceso. (0xc0000022)
[1109/203807.461:ERROR:process_reader_win.cc(123)] NtOpenThread: {Acceso denegado} Un proceso ha solicitado acceso a un objeto, pero no se le han concedido esos derechos de acceso. (0xc0000022)
[1109/203807.817:ERROR:exception_snapshot_win.cc(99)] thread ID 17180 not found in process
[1109/203807.817:ERROR:exception_snapshot_win.cc(99)] thread ID 15924 not found in process
[1109/203807.817:ERROR:exception_snapshot_win.cc(99)] thread ID 17384 not found in process
[1109/203807.817:ERROR:exception_snapshot_win.cc(99)] thread ID 17280 not found in process
[1109/203807.443:ERROR:process_reader_win.cc(123)] NtOpenThread: {Acceso denegado} Un proceso ha solicitado acceso a un objeto, pero no se le han concedido esos derechos de acceso. (0xc0000022)
[1109/203807.817:ERROR:exception_snapshot_win.cc(99)] thread ID 16800 not found in process
[1109/203807.437:ERROR:process_reader_win.cc(123)] NtOpenThread: {Acceso denegado} Un proceso ha solicitado acceso a un objeto, pero no se le han concedido esos derechos de acceso. (0xc0000022)
[1109/203807.817:ERROR:exception_snapshot_win.cc(99)] thread ID 16772 not found in process
[1109/203807.446:ERROR:process_reader_win.cc(123)] NtOpenThread: {Acceso denegado} Un proceso ha solicitado acceso a un objeto, pero no se le han concedido esos derechos de acceso. (0xc0000022)
[1109/203807.817:ERROR:exception_snapshot_win.cc(99)] thread ID 6192 not found in process
[1109/203807.817:ERROR:exception_snapshot_win.cc(99)] thread ID 16664 not found in process
[1109/203807.817:ERROR:scoped_process_suspend.cc(40)] NtResumeProcess: Se intentó obtener acceso a un proceso que está cerrándose. (0xc000010a)
[1109/203807.817:ERROR:scoped_process_suspend.cc(40)] NtResumeProcess: Se intentó obtener acceso a un proceso que está cerrándose. (0xc000010a)
[1109/203807.817:ERROR:scoped_process_suspend.cc(40)] NtResumeProcess: Se intentó obtener acceso a un proceso que está cerrándose. (0xc000010a)
[1109/204904.485:ERROR:process_reader_win.cc(123)] NtOpenThread: {Acceso denegado} Un proceso ha solicitado acceso a un objeto, pero no se le han concedido esos derechos de acceso. (0xc0000022)
[1109/204904.485:ERROR:exception_snapshot_win.cc(99)] thread ID 13028 not found in process
[1109/204904.499:ERROR:process_reader_win.cc(123)] NtOpenThread: {Acceso denegado} Un proceso ha solicitado acceso a un objeto, pero no se le han concedido esos derechos de acceso. (0xc0000022)
[1109/204904.499:ERROR:exception_snapshot_win.cc(99)] thread ID 14132 not found in process
[1109/204904.525:ERROR:process_reader_win.cc(123)] NtOpenThread: {Acceso denegado} Un proceso ha solicitado acceso a un objeto, pero no se le han concedido esos derechos de acceso. (0xc0000022)
[1109/204904.525:ERROR:exception_snapshot_win.cc(99)] thread ID 10760 not found in process
[1109/204905.572:ERROR:process_reader_win.cc(123)] NtOpenThread: {Acceso denegado} Un proceso ha solicitado acceso a un objeto, pero no se le han concedido esos derechos de acceso. (0xc0000022)
[1109/204905.572:ERROR:exception_snapshot_win.cc(99)] thread ID 12460 not found in process
[1109/210543.286:ERROR:directory_reader_win.cc(43)] FindFirstFile: El sistema no puede encontrar la ruta especificada. (0x3)
[1109/210726.639:ERROR:process_reader_win.cc(123)] NtOpenThread: {Acceso denegado} Un proceso ha solicitado acceso a un objeto, pero no se le han concedido esos derechos de acceso. (0xc0000022)
[1109/210726.639:ERROR:exception_snapshot_win.cc(99)] thread ID 16584 not found in process
[1109/210726.661:ERROR:process_reader_win.cc(123)] NtOpenThread: {Acceso denegado} Un proceso ha solicitado acceso a un objeto, pero no se le han concedido esos derechos de acceso. (0xc0000022)
[1109/210726.661:ERROR:exception_snapshot_win.cc(99)] thread ID 15232 not found in process
[1109/210728.430:ERROR:process_reader_win.cc(123)] NtOpenThread: {Acceso denegado} Un proceso ha solicitado acceso a un objeto, pero no se le han concedido esos derechos de acceso. (0xc0000022)
[1109/210728.431:ERROR:exception_snapshot_win.cc(99)] thread ID 15744 not found in process
[1109/210728.453:ERROR:process_reader_win.cc(123)] NtOpenThread: {Acceso denegado} Un proceso ha solicitado acceso a un objeto, pero no se le han concedido esos derechos de acceso. (0xc0000022)
[1109/210728.453:ERROR:exception_snapshot_win.cc(99)] thread ID 15588 not found in process
[1109/211654.609:ERROR:directory_reader_win.cc(43)] FindFirstFile: El sistema no puede encontrar la ruta especificada. (0x3)
[1109/211734.470:ERROR:process_reader_win.cc(123)] NtOpenThread: {Acceso denegado} Un proceso ha solicitado acceso a un objeto, pero no se le han concedido esos derechos de acceso. (0xc0000022)
[1109/211734.470:ERROR:exception_snapshot_win.cc(99)] thread ID 5976 not found in process
[1109/211734.492:ERROR:process_reader_win.cc(123)] NtOpenThread: {Acceso denegado} Un proceso ha solicitado acceso a un objeto, pero no se le han concedido esos derechos de acceso. (0xc0000022)
[1109/211734.492:ERROR:exception_snapshot_win.cc(99)] thread ID 15400 not found in process
[1109/211734.518:ERROR:process_reader_win.cc(123)] NtOpenThread: {Acceso denegado} Un proceso ha solicitado acceso a un objeto, pero no se le han concedido esos derechos de acceso. (0xc0000022)
[1109/211734.518:ERROR:exception_snapshot_win.cc(99)] thread ID 14124 not found in process
[1109/211734.539:ERROR:process_reader_win.cc(123)] NtOpenThread: {Acceso denegado} Un proceso ha solicitado acceso a un objeto, pero no se le han concedido esos derechos de acceso. (0xc0000022)
[1109/211734.539:ERROR:exception_snapshot_win.cc(99)] thread ID 11940 not found in process
[1109/212947.031:ERROR:directory_reader_win.cc(43)] FindFirstFile: El sistema no puede encontrar la ruta especificada. (0x3)
[1109/214741.631:ERROR:directory_reader_win.cc(43)] FindFirstFile: El sistema no puede encontrar la ruta especificada. (0x3)
[1109/214829.240:ERROR:process_reader_win.cc(123)] NtOpenThread: {Acceso denegado} Un proceso ha solicitado acceso a un objeto, pero no se le han concedido esos derechos de acceso. (0xc0000022)
[1109/214829.241:ERROR:exception_snapshot_win.cc(99)] thread ID 5296 not found in process
[1109/214829.267:ERROR:process_reader_win.cc(123)] NtOpenThread: {Acceso denegado} Un proceso ha solicitado acceso a un objeto, pero no se le han concedido esos derechos de acceso. (0xc0000022)
[1109/214829.267:ERROR:exception_snapshot_win.cc(99)] thread ID 15460 not found in process
[1109/214931.912:ERROR:process_reader_win.cc(123)] NtOpenThread: {Acceso denegado} Un proceso ha solicitado acceso a un objeto, pero no se le han concedido esos derechos de acceso. (0xc0000022)
[1109/214931.913:ERROR:exception_snapshot_win.cc(99)] thread ID 4272 not found in process
[1109/214931.934:ERROR:process_reader_win.cc(123)] NtOpenThread: {Acceso denegado} Un proceso ha solicitado acceso a un objeto, pero no se le han concedido esos derechos de acceso. (0xc0000022)
[1109/214931.934:ERROR:exception_snapshot_win.cc(99)] thread ID 14304 not found in process
[1109/215034.363:ERROR:process_reader_win.cc(123)] NtOpenThread: {Acceso denegado} Un proceso ha solicitado acceso a un objeto, pero no se le han concedido esos derechos de acceso. (0xc0000022)
[1109/215034.363:ERROR:exception_snapshot_win.cc(99)] thread ID 15620 not found in process
[1109/215034.386:ERROR:process_reader_win.cc(123)] NtOpenThread: {Acceso denegado} Un proceso ha solicitado acceso a un objeto, pero no se le han concedido esos derechos de acceso. (0xc0000022)
[1109/215034.386:ERROR:exception_snapshot_win.cc(99)] thread ID 12952 not found in process
[1109/215034.414:ERROR:process_reader_win.cc(123)] NtOpenThread: {Acceso denegado} Un proceso ha solicitado acceso a un objeto, pero no se le han concedido esos derechos de acceso. (0xc0000022)
[1109/215034.414:ERROR:exception_snapshot_win.cc(99)] thread ID 10216 not found in process
[1109/215034.440:ERROR:process_reader_win.cc(123)] NtOpenThread: {Acceso denegado} Un proceso ha solicitado acceso a un objeto, pero no se le han concedido esos derechos de acceso. (0xc0000022)
[1109/215034.440:ERROR:exception_snapshot_win.cc(99)] thread ID 12672 not found in process
[1109/215753.541:ERROR:process_reader_win.cc(123)] NtOpenThread: {Acceso denegado} Un proceso ha solicitado acceso a un objeto, pero no se le han concedido esos derechos de acceso. (0xc0000022)
[1109/215753.542:ERROR:exception_snapshot_win.cc(99)] thread ID 15900 not found in process
[1109/215753.563:ERROR:process_reader_win.cc(123)] NtOpenThread: {Acceso denegado} Un proceso ha solicitado acceso a un objeto, pero no se le han concedido esos derechos de acceso. (0xc0000022)
[1109/215753.563:ERROR:exception_snapshot_win.cc(99)] thread ID 13080 not found in process
[1109/215850.166:ERROR:process_reader_win.cc(123)] NtOpenThread: {Acceso denegado} Un proceso ha solicitado acceso a un objeto, pero no se le han concedido esos derechos de acceso. (0xc0000022)
[1109/215850.166:ERROR:exception_snapshot_win.cc(99)] thread ID 16472 not found in process
[1109/215850.188:ERROR:process_reader_win.cc(123)] NtOpenThread: {Acceso denegado} Un proceso ha solicitado acceso a un objeto, pero no se le han concedido esos derechos de acceso. (0xc0000022)
[1109/215850.188:ERROR:exception_snapshot_win.cc(99)] thread ID 13348 not found in process
[1109/221251.893:ERROR:process_reader_win.cc(123)] NtOpenThread: {Acceso denegado} Un proceso ha solicitado acceso a un objeto, pero no se le han concedido esos derechos de acceso. (0xc0000022)
[1109/221251.894:ERROR:exception_snapshot_win.cc(99)] thread ID 14980 not found in process
[1109/221251.916:ERROR:process_reader_win.cc(123)] NtOpenThread: {Acceso denegado} Un proceso ha solicitado acceso a un objeto, pero no se le han concedido esos derechos de acceso. (0xc0000022)
[1109/221251.916:ERROR:exception_snapshot_win.cc(99)] thread ID 8612 not found in process
[1109/222311.133:ERROR:directory_reader_win.cc(43)] FindFirstFile: El sistema no puede encontrar la ruta especificada. (0x3)
[1109/222404.876:ERROR:process_reader_win.cc(123)] NtOpenThread: {Acceso denegado} Un proceso ha solicitado acceso a un objeto, pero no se le han concedido esos derechos de acceso. (0xc0000022)
[1109/222404.876:ERROR:exception_snapshot_win.cc(99)] thread ID 7512 not found in process
[1109/222404.898:ERROR:process_reader_win.cc(123)] NtOpenThread: {Acceso denegado} Un proceso ha solicitado acceso a un objeto, pero no se le han concedido esos derechos de acceso. (0xc0000022)
[1109/222404.898:ERROR:exception_snapshot_win.cc(99)] thread ID 14088 not found in process
[1109/223814.242:ERROR:process_reader_win.cc(123)] NtOpenThread: {Acceso denegado} Un proceso ha solicitado acceso a un objeto, pero no se le han concedido esos derechos de acceso. (0xc0000022)
[1109/223814.243:ERROR:exception_snapshot_win.cc(99)] thread ID 12572 not found in process
[1109/223814.266:ERROR:process_reader_win.cc(123)] NtOpenThread: {Acceso denegado} Un proceso ha solicitado acceso a un objeto, pero no se le han concedido esos derechos de acceso. (0xc0000022)
[1109/223814.266:ERROR:exception_snapshot_win.cc(99)] thread ID 15936 not found in process
[1109/223814.296:ERROR:process_reader_win.cc(123)] NtOpenThread: {Acceso denegado} Un proceso ha solicitado acceso a un objeto, pero no se le han concedido esos derechos de acceso. (0xc0000022)
[1109/223814.296:ERROR:exception_snapshot_win.cc(99)] thread ID 15256 not found in process
[1109/223814.320:ERROR:process_reader_win.cc(123)] NtOpenThread: {Acceso denegado} Un proceso ha solicitado acceso a un objeto, pero no se le han concedido esos derechos de acceso. (0xc0000022)
[1109/223814.320:ERROR:exception_snapshot_win.cc(99)] thread ID 16960 not found in process
[1109/224322.705:ERROR:process_reader_win.cc(123)] NtOpenThread: {Acceso denegado} Un proceso ha solicitado acceso a un objeto, pero no se le han concedido esos derechos de acceso. (0xc0000022)
[1109/224322.706:ERROR:exception_snapshot_win.cc(99)] thread ID 16396 not found in process
[1109/224322.719:ERROR:process_reader_win.cc(123)] NtOpenThread: {Acceso denegado} Un proceso ha solicitado acceso a un objeto, pero no se le han concedido esos derechos de acceso. (0xc0000022)
[1109/224322.719:ERROR:exception_snapshot_win.cc(99)] thread ID 12160 not found in process
[1109/224322.742:ERROR:process_reader_win.cc(123)] NtOpenThread: {Acceso denegado} Un proceso ha solicitado acceso a un objeto, pero no se le han concedido esos derechos de acceso. (0xc0000022)
[1109/224322.742:ERROR:exception_snapshot_win.cc(99)] thread ID 17288 not found in process
[1109/224322.769:ERROR:process_reader_win.cc(123)] NtOpenThread: {Acceso denegado} Un proceso ha solicitado acceso a un objeto, pero no se le han concedido esos derechos de acceso. (0xc0000022)
[1109/224322.770:ERROR:exception_snapshot_win.cc(99)] thread ID 11932 not found in process
[1109/224322.792:ERROR:process_reader_win.cc(123)] NtOpenThread: {Acceso denegado} Un proceso ha solicitado acceso a un objeto, pero no se le han concedido esos derechos de acceso. (0xc0000022)
[1109/224322.792:ERROR:exception_snapshot_win.cc(99)] thread ID 12672 not found in process
[1109/224322.818:ERROR:process_reader_win.cc(123)] NtOpenThread: {Acceso denegado} Un proceso ha solicitado acceso a un objeto, pero no se le han concedido esos derechos de acceso. (0xc0000022)
[1109/224322.819:ERROR:exception_snapshot_win.cc(99)] thread ID 14088 not found in process
[1109/224322.841:ERROR:process_reader_win.cc(123)] NtOpenThread: {Acceso denegado} Un proceso ha solicitado acceso a un objeto, pero no se le han concedido esos derechos de acceso. (0xc0000022)
[1109/224322.841:ERROR:exception_snapshot_win.cc(99)] thread ID 7452 not found in process
[1109/224324.288:ERROR:process_reader_win.cc(123)] NtOpenThread: {Acceso denegado} Un proceso ha solicitado acceso a un objeto, pero no se le han concedido esos derechos de acceso. (0xc0000022)
[1109/224324.288:ERROR:exception_snapshot_win.cc(99)] thread ID 17192 not found in process
[1109/233220.406:ERROR:process_reader_win.cc(123)] NtOpenThread: {Acceso denegado} Un proceso ha solicitado acceso a un objeto, pero no se le han concedido esos derechos de acceso. (0xc0000022)
[1109/233220.406:ERROR:exception_snapshot_win.cc(99)] thread ID 17500 not found in process
[1109/233220.428:ERROR:process_reader_win.cc(123)] NtOpenThread: {Acceso denegado} Un proceso ha solicitado acceso a un objeto, pero no se le han concedido esos derechos de acceso. (0xc0000022)
[1109/233220.428:ERROR:exception_snapshot_win.cc(99)] thread ID 17476 not found in process
[1109/234152.834:ERROR:process_reader_win.cc(123)] NtOpenThread: {Acceso denegado} Un proceso ha solicitado acceso a un objeto, pero no se le han concedido esos derechos de acceso. (0xc0000022)
[1109/234152.835:ERROR:exception_snapshot_win.cc(99)] thread ID 13412 not found in process
[1109/234152.847:ERROR:process_reader_win.cc(123)] NtOpenThread: {Acceso denegado} Un proceso ha solicitado acceso a un objeto, pero no se le han concedido esos derechos de acceso. (0xc0000022)
[1109/234152.847:ERROR:exception_snapshot_win.cc(99)] thread ID 9720 not found in process
[1109/234152.872:ERROR:process_reader_win.cc(123)] NtOpenThread: {Acceso denegado} Un proceso ha solicitado acceso a un objeto, pero no se le han concedido esos derechos de acceso. (0xc0000022)
[1109/234152.872:ERROR:exception_snapshot_win.cc(99)] thread ID 18096 not found in process
[1109/234159.890:ERROR:process_reader_win.cc(123)] NtOpenThread: {Acceso denegado} Un proceso ha solicitado acceso a un objeto, pero no se le han concedido esos derechos de acceso. (0xc0000022)
[1109/234159.890:ERROR:exception_snapshot_win.cc(99)] thread ID 13948 not found in process
[1109/234853.914:ERROR:process_reader_win.cc(123)] NtOpenThread: {Acceso denegado} Un proceso ha solicitado acceso a un objeto, pero no se le han concedido esos derechos de acceso. (0xc0000022)
[1109/234853.915:ERROR:exception_snapshot_win.cc(99)] thread ID 16140 not found in process
[1109/234853.938:ERROR:process_reader_win.cc(123)] NtOpenThread: {Acceso denegado} Un proceso ha solicitado acceso a un objeto, pero no se le han concedido esos derechos de acceso. (0xc0000022)
[1109/234853.938:ERROR:exception_snapshot_win.cc(99)] thread ID 17700 not found in process
[1109/234853.968:ERROR:process_reader_win.cc(123)] NtOpenThread: {Acceso denegado} Un proceso ha solicitado acceso a un objeto, pero no se le han concedido esos derechos de acceso. (0xc0000022)
[1109/234853.969:ERROR:exception_snapshot_win.cc(99)] thread ID 7808 not found in process
[1109/234853.993:ERROR:process_reader_win.cc(123)] NtOpenThread: {Acceso denegado} Un proceso ha solicitado acceso a un objeto, pero no se le han concedido esos derechos de acceso. (0xc0000022)
[1109/234853.993:ERROR:exception_snapshot_win.cc(99)] thread ID 6676 not found in process
[1109/235157.787:ERROR:process_reader_win.cc(123)] NtOpenThread: {Acceso denegado} Un proceso ha solicitado acceso a un objeto, pero no se le han concedido esos derechos de acceso. (0xc0000022)
[1109/235157.787:ERROR:exception_snapshot_win.cc(99)] thread ID 2160 not found in process
[1109/235157.812:ERROR:process_reader_win.cc(123)] NtOpenThread: {Acceso denegado} Un proceso ha solicitado acceso a un objeto, pero no se le han concedido esos derechos de acceso. (0xc0000022)
[1109/235157.812:ERROR:exception_snapshot_win.cc(99)] thread ID 18232 not found in process
[1109/235157.843:ERROR:process_reader_win.cc(123)] NtOpenThread: {Acceso denegado} Un proceso ha solicitado acceso a un objeto, pero no se le han concedido esos derechos de acceso. (0xc0000022)
[1109/235157.844:ERROR:exception_snapshot_win.cc(99)] thread ID 17916 not found in process
[1109/235157.866:ERROR:process_reader_win.cc(123)] NtOpenThread: {Acceso denegado} Un proceso ha solicitado acceso a un objeto, pero no se le han concedido esos derechos de acceso. (0xc0000022)
[1109/235157.866:ERROR:exception_snapshot_win.cc(99)] thread ID 18020 not found in process
[1109/235157.894:ERROR:process_reader_win.cc(123)] NtOpenThread: {Acceso denegado} Un proceso ha solicitado acceso a un objeto, pero no se le han concedido esos derechos de acceso. (0xc0000022)
[1109/235157.895:ERROR:exception_snapshot_win.cc(99)] thread ID 14840 not found in process
[1109/235157.918:ERROR:process_reader_win.cc(123)] NtOpenThread: {Acceso denegado} Un proceso ha solicitado acceso a un objeto, pero no se le han concedido esos derechos de acceso. (0xc0000022)
[1109/235157.918:ERROR:exception_snapshot_win.cc(99)] thread ID 14828 not found in process
[1109/235359.666:ERROR:process_reader_win.cc(123)] NtOpenThread: {Acceso denegado} Un proceso ha solicitado acceso a un objeto, pero no se le han concedido esos derechos de acceso. (0xc0000022)
[1109/235359.667:ERROR:exception_snapshot_win.cc(99)] thread ID 18196 not found in process
[1109/235359.693:ERROR:process_reader_win.cc(123)] NtOpenThread: {Acceso denegado} Un proceso ha solicitado acceso a un objeto, pero no se le han concedido esos derechos de acceso. (0xc0000022)
[1109/235359.693:ERROR:exception_snapshot_win.cc(99)] thread ID 12376 not found in process
[1109/235527.921:ERROR:process_reader_win.cc(123)] NtOpenThread: {Acceso denegado} Un proceso ha solicitado acceso a un objeto, pero no se le han concedido esos derechos de acceso. (0xc0000022)
[1109/235527.922:ERROR:exception_snapshot_win.cc(99)] thread ID 16268 not found in process
[1109/235527.946:ERROR:process_reader_win.cc(123)] NtOpenThread: {Acceso denegado} Un proceso ha solicitado acceso a un objeto, pero no se le han concedido esos derechos de acceso. (0xc0000022)
[1109/235527.946:ERROR:exception_snapshot_win.cc(99)] thread ID 16860 not found in process
[1109/235554.953:ERROR:process_reader_win.cc(123)] NtOpenThread: {Acceso denegado} Un proceso ha solicitado acceso a un objeto, pero no se le han concedido esos derechos de acceso. (0xc0000022)
[1109/235554.953:ERROR:exception_snapshot_win.cc(99)] thread ID 13784 not found in process
[1109/235554.966:ERROR:process_reader_win.cc(123)] NtOpenThread: {Acceso denegado} Un proceso ha solicitado acceso a un objeto, pero no se le han concedido esos derechos de acceso. (0xc0000022)
[1109/235554.966:ERROR:exception_snapshot_win.cc(99)] thread ID 17420 not found in process
[1109/235554.990:ERROR:process_reader_win.cc(123)] NtOpenThread: {Acceso denegado} Un proceso ha solicitado acceso a un objeto, pero no se le han concedido esos derechos de acceso. (0xc0000022)
[1109/235554.990:ERROR:exception_snapshot_win.cc(99)] thread ID 18044 not found in process
[1109/235556.056:ERROR:process_reader_win.cc(123)] NtOpenThread: {Acceso denegado} Un proceso ha solicitado acceso a un objeto, pero no se le han concedido esos derechos de acceso. (0xc0000022)
[1109/235556.056:ERROR:exception_snapshot_win.cc(99)] thread ID 13180 not found in process
[1110/001836.326:ERROR:process_reader_win.cc(123)] NtOpenThread: {Acceso denegado} Un proceso ha solicitado acceso a un objeto, pero no se le han concedido esos derechos de acceso. (0xc0000022)
[1110/001836.327:ERROR:exception_snapshot_win.cc(99)] thread ID 7112 not found in process
[1110/001836.339:ERROR:process_reader_win.cc(123)] NtOpenThread: {Acceso denegado} Un proceso ha solicitado acceso a un objeto, pero no se le han concedido esos derechos de acceso. (0xc0000022)
[1110/001836.339:ERROR:exception_snapshot_win.cc(99)] thread ID 16824 not found in process
[1110/001836.361:ERROR:process_reader_win.cc(123)] NtOpenThread: {Acceso denegado} Un proceso ha solicitado acceso a un objeto, pero no se le han concedido esos derechos de acceso. (0xc0000022)
[1110/001836.362:ERROR:exception_snapshot_win.cc(99)] thread ID 4456 not found in process
[1110/001836.393:ERROR:process_reader_win.cc(123)] NtOpenThread: {Acceso denegado} Un proceso ha solicitado acceso a un objeto, pero no se le han concedido esos derechos de acceso. (0xc0000022)
[1110/001836.393:ERROR:exception_snapshot_win.cc(99)] thread ID 17208 not found in process
[1110/001836.417:ERROR:process_reader_win.cc(123)] NtOpenThread: {Acceso denegado} Un proceso ha solicitado acceso a un objeto, pero no se le han concedido esos derechos de acceso. (0xc0000022)
[1110/001836.417:ERROR:exception_snapshot_win.cc(99)] thread ID 17880 not found in process
[1110/001836.444:ERROR:process_reader_win.cc(123)] NtOpenThread: {Acceso denegado} Un proceso ha solicitado acceso a un objeto, pero no se le han concedido esos derechos de acceso. (0xc0000022)
[1110/001836.445:ERROR:exception_snapshot_win.cc(99)] thread ID 17068 not found in process
[1110/001836.469:ERROR:process_reader_win.cc(123)] NtOpenThread: {Acceso denegado} Un proceso ha solicitado acceso a un objeto, pero no se le han concedido esos derechos de acceso. (0xc0000022)
[1110/001836.469:ERROR:exception_snapshot_win.cc(99)] thread ID 14096 not found in process
[1110/002156.478:ERROR:process_reader_win.cc(123)] NtOpenThread: {Acceso denegado} Un proceso ha solicitado acceso a un objeto, pero no se le han concedido esos derechos de acceso. (0xc0000022)
[1110/002156.478:ERROR:exception_snapshot_win.cc(99)] thread ID 15200 not found in process
[1110/002156.501:ERROR:process_reader_win.cc(123)] NtOpenThread: {Acceso denegado} Un proceso ha solicitado acceso a un objeto, pero no se le han concedido esos derechos de acceso. (0xc0000022)
[1110/002156.501:ERROR:exception_snapshot_win.cc(99)] thread ID 10980 not found in process
[1110/003327.157:ERROR:process_reader_win.cc(123)] NtOpenThread: {Acceso denegado} Un proceso ha solicitado acceso a un objeto, pero no se le han concedido esos derechos de acceso. (0xc0000022)
[1110/003327.157:ERROR:exception_snapshot_win.cc(99)] thread ID 14576 not found in process
[1110/003327.181:ERROR:process_reader_win.cc(123)] NtOpenThread: {Acceso denegado} Un proceso ha solicitado acceso a un objeto, pero no se le han concedido esos derechos de acceso. (0xc0000022)
[1110/003327.181:ERROR:exception_snapshot_win.cc(99)] thread ID 8608 not found in process
[1110/003436.508:ERROR:process_reader_win.cc(123)] NtOpenThread: {Acceso denegado} Un proceso ha solicitado acceso a un objeto, pero no se le han concedido esos derechos de acceso. (0xc0000022)
[1110/003436.509:ERROR:exception_snapshot_win.cc(99)] thread ID 13352 not found in process
[1110/003436.532:ERROR:process_reader_win.cc(123)] NtOpenThread: {Acceso denegado} Un proceso ha solicitado acceso a un objeto, pero no se le han concedido esos derechos de acceso. (0xc0000022)
[1110/003436.532:ERROR:exception_snapshot_win.cc(99)] thread ID 3660 not found in process
[1110/004752.648:ERROR:directory_reader_win.cc(43)] FindFirstFile: El sistema no puede encontrar la ruta especificada. (0x3)
[1110/005827.393:ERROR:directory_reader_win.cc(43)] FindFirstFile: El sistema no puede encontrar la ruta especificada. (0x3)
[1111/200851.138:ERROR:process_reader_win.cc(123)] NtOpenThread: {Acceso denegado} Un proceso ha solicitado acceso a un objeto, pero no se le han concedido esos derechos de acceso. (0xc0000022)
[1111/200851.150:ERROR:exception_snapshot_win.cc(99)] thread ID 6200 not found in process
[1111/200851.175:ERROR:process_reader_win.cc(123)] NtOpenThread: {Acceso denegado} Un proceso ha solicitado acceso a un objeto, pero no se le han concedido esos derechos de acceso. (0xc0000022)
[1111/200851.175:ERROR:exception_snapshot_win.cc(99)] thread ID 7312 not found in process
[1111/201900.444:ERROR:directory_reader_win.cc(43)] FindFirstFile: El sistema no puede encontrar la ruta especificada. (0x3)
[1111/233000.492:ERROR:process_reader_win.cc(123)] NtOpenThread: {Acceso denegado} Un proceso ha solicitado acceso a un objeto, pero no se le han concedido esos derechos de acceso. (0xc0000022)
[1111/233000.493:ERROR:exception_snapshot_win.cc(99)] thread ID 2216 not found in process
[1111/233000.514:ERROR:process_reader_win.cc(123)] NtOpenThread: {Acceso denegado} Un proceso ha solicitado acceso a un objeto, pero no se le han concedido esos derechos de acceso. (0xc0000022)
[1111/233000.514:ERROR:exception_snapshot_win.cc(99)] thread ID 9348 not found in process
[1112/020235.286:ERROR:process_reader_win.cc(123)] NtOpenThread: {Acceso denegado} Un proceso ha solicitado acceso a un objeto, pero no se le han concedido esos derechos de acceso. (0xc0000022)
[1112/020235.287:ERROR:exception_snapshot_win.cc(99)] thread ID 8728 not found in process
[1112/020235.297:ERROR:process_reader_win.cc(123)] NtOpenThread: {Acceso denegado} Un proceso ha solicitado acceso a un objeto, pero no se le han concedido esos derechos de acceso. (0xc0000022)
[1112/020235.297:ERROR:exception_snapshot_win.cc(99)] thread ID 15420 not found in process
[1112/020414.842:ERROR:process_reader_win.cc(123)] NtOpenThread: {Acceso denegado} Un proceso ha solicitado acceso a un objeto, pero no se le han concedido esos derechos de acceso. (0xc0000022)
[1112/020414.843:ERROR:exception_snapshot_win.cc(99)] thread ID 8756 not found in process
[1112/020414.843:ERROR:process_reader_win.cc(123)] NtOpenThread: {Acceso denegado} Un proceso ha solicitado acceso a un objeto, pero no se le han concedido esos derechos de acceso. (0xc0000022)
[1112/020414.843:ERROR:exception_snapshot_win.cc(99)] thread ID 15184 not found in process
[1112/020414.854:ERROR:process_reader_win.cc(123)] NtOpenThread: {Acceso denegado} Un proceso ha solicitado acceso a un objeto, pero no se le han concedido esos derechos de acceso. (0xc0000022)
[1112/020414.854:ERROR:exception_snapshot_win.cc(99)] thread ID 10480 not found in process
[1112/020941.263:ERROR:process_reader_win.cc(123)] NtOpenThread: {Acceso denegado} Un proceso ha solicitado acceso a un objeto, pero no se le han concedido esos derechos de acceso. (0xc0000022)
[1112/020941.263:ERROR:exception_snapshot_win.cc(99)] thread ID 15436 not found in process
[1112/020941.276:ERROR:process_reader_win.cc(123)] NtOpenThread: {Acceso denegado} Un proceso ha solicitado acceso a un objeto, pero no se le han concedido esos derechos de acceso. (0xc0000022)
[1112/020941.276:ERROR:exception_snapshot_win.cc(99)] thread ID 1532 not found in process
[1112/021209.301:ERROR:process_reader_win.cc(123)] NtOpenThread: {Acceso denegado} Un proceso ha solicitado acceso a un objeto, pero no se le han concedido esos derechos de acceso. (0xc0000022)
[1112/021209.301:ERROR:exception_snapshot_win.cc(99)] thread ID 13756 not found in process
[1112/021209.312:ERROR:process_reader_win.cc(123)] NtOpenThread: {Acceso denegado} Un proceso ha solicitado acceso a un objeto, pero no se le han concedido esos derechos de acceso. (0xc0000022)
[1112/021209.312:ERROR:exception_snapshot_win.cc(99)] thread ID 5440 not found in process
[1112/021537.854:ERROR:process_reader_win.cc(123)] NtOpenThread: {Acceso denegado} Un proceso ha solicitado acceso a un objeto, pero no se le han concedido esos derechos de acceso. (0xc0000022)
[1112/021537.855:ERROR:exception_snapshot_win.cc(99)] thread ID 17012 not found in process
[1112/021537.867:ERROR:process_reader_win.cc(123)] NtOpenThread: {Acceso denegado} Un proceso ha solicitado acceso a un objeto, pero no se le han concedido esos derechos de acceso. (0xc0000022)
[1112/021537.867:ERROR:exception_snapshot_win.cc(99)] thread ID 17016 not found in process
[1112/021618.928:ERROR:process_reader_win.cc(123)] NtOpenThread: {Acceso denegado} Un proceso ha solicitado acceso a un objeto, pero no se le han concedido esos derechos de acceso. (0xc0000022)
[1112/021618.928:ERROR:exception_snapshot_win.cc(99)] thread ID 16968 not found in process
[1112/021618.938:ERROR:process_reader_win.cc(123)] NtOpenThread: {Acceso denegado} Un proceso ha solicitado acceso a un objeto, pero no se le han concedido esos derechos de acceso. (0xc0000022)
[1112/021618.938:ERROR:exception_snapshot_win.cc(99)] thread ID 15584 not found in process
[1112/023515.680:ERROR:process_reader_win.cc(123)] NtOpenThread: {Acceso denegado} Un proceso ha solicitado acceso a un objeto, pero no se le han concedido esos derechos de acceso. (0xc0000022)
[1112/023515.682:ERROR:exception_snapshot_win.cc(99)] thread ID 1324 not found in process
[1112/023515.685:ERROR:process_reader_win.cc(123)] NtOpenThread: {Acceso denegado} Un proceso ha solicitado acceso a un objeto, pero no se le han concedido esos derechos de acceso. (0xc0000022)
[1112/023515.685:ERROR:exception_snapshot_win.cc(99)] thread ID 5636 not found in process
[1112/023515.688:ERROR:process_reader_win.cc(123)] NtOpenThread: {Acceso denegado} Un proceso ha solicitado acceso a un objeto, pero no se le han concedido esos derechos de acceso. (0xc0000022)
[1112/023515.689:ERROR:exception_snapshot_win.cc(99)] thread ID 512 not found in process
[1112/023515.700:ERROR:process_reader_win.cc(123)] NtOpenThread: {Acceso denegado} Un proceso ha solicitado acceso a un objeto, pero no se le han concedido esos derechos de acceso. (0xc0000022)
[1112/023515.700:ERROR:process_reader_win.cc(123)] NtOpenThread: {Acceso denegado} Un proceso ha solicitado acceso a un objeto, pero no se le han concedido esos derechos de acceso. (0xc0000022)
[1112/023515.700:ERROR:process_reader_win.cc(123)] NtOpenThread: {Acceso denegado} Un proceso ha solicitado acceso a un objeto, pero no se le han concedido esos derechos de acceso. (0xc0000022)
[1112/023515.700:ERROR:exception_snapshot_win.cc(99)] thread ID 16200 not found in process
[1112/023515.700:ERROR:exception_snapshot_win.cc(99)] thread ID 16276 not found in process
[1112/023515.700:ERROR:exception_snapshot_win.cc(99)] thread ID 5872 not found in process
[1112/023615.441:ERROR:process_reader_win.cc(123)] NtOpenThread: {Acceso denegado} Un proceso ha solicitado acceso a un objeto, pero no se le han concedido esos derechos de acceso. (0xc0000022)
[1112/023615.441:ERROR:exception_snapshot_win.cc(99)] thread ID 7400 not found in process
[1112/023615.451:ERROR:process_reader_win.cc(123)] NtOpenThread: {Acceso denegado} Un proceso ha solicitado acceso a un objeto, pero no se le han concedido esos derechos de acceso. (0xc0000022)
[1112/023615.451:ERROR:exception_snapshot_win.cc(99)] thread ID 11580 not found in process
[1112/023719.211:ERROR:process_reader_win.cc(123)] NtOpenThread: {Acceso denegado} Un proceso ha solicitado acceso a un objeto, pero no se le han concedido esos derechos de acceso. (0xc0000022)
[1112/023719.211:ERROR:exception_snapshot_win.cc(99)] thread ID 724 not found in process
[1112/023719.223:ERROR:process_reader_win.cc(123)] NtOpenThread: {Acceso denegado} Un proceso ha solicitado acceso a un objeto, pero no se le han concedido esos derechos de acceso. (0xc0000022)
[1112/023719.223:ERROR:exception_snapshot_win.cc(99)] thread ID 16340 not found in process
[1112/024035.810:ERROR:process_reader_win.cc(123)] NtOpenThread: {Acceso denegado} Un proceso ha solicitado acceso a un objeto, pero no se le han concedido esos derechos de acceso. (0xc0000022)
[1112/024035.810:ERROR:exception_snapshot_win.cc(99)] thread ID 15472 not found in process
[1112/024035.820:ERROR:process_reader_win.cc(123)] NtOpenThread: {Acceso denegado} Un proceso ha solicitado acceso a un objeto, pero no se le han concedido esos derechos de acceso. (0xc0000022)
[1112/024035.820:ERROR:exception_snapshot_win.cc(99)] thread ID 17020 not found in process
[1112/024218.551:ERROR:process_reader_win.cc(123)] NtOpenThread: {Acceso denegado} Un proceso ha solicitado acceso a un objeto, pero no se le han concedido esos derechos de acceso. (0xc0000022)
[1112/024218.551:ERROR:exception_snapshot_win.cc(99)] thread ID 16192 not found in process
[1112/024218.561:ERROR:process_reader_win.cc(123)] NtOpenThread: {Acceso denegado} Un proceso ha solicitado acceso a un objeto, pero no se le han concedido esos derechos de acceso. (0xc0000022)
[1112/024218.561:ERROR:exception_snapshot_win.cc(99)] thread ID 5352 not found in process
[1112/024557.416:ERROR:process_reader_win.cc(123)] NtOpenThread: {Acceso denegado} Un proceso ha solicitado acceso a un objeto, pero no se le han concedido esos derechos de acceso. (0xc0000022)
[1112/024557.416:ERROR:exception_snapshot_win.cc(99)] thread ID 5080 not found in process
[1112/024557.428:ERROR:process_reader_win.cc(123)] NtOpenThread: {Acceso denegado} Un proceso ha solicitado acceso a un objeto, pero no se le han concedido esos derechos de acceso. (0xc0000022)
[1112/024557.428:ERROR:exception_snapshot_win.cc(99)] thread ID 16532 not found in process
[1112/024854.518:ERROR:process_reader_win.cc(123)] NtOpenThread: {Acceso denegado} Un proceso ha solicitado acceso a un objeto, pero no se le han concedido esos derechos de acceso. (0xc0000022)
[1112/024854.519:ERROR:exception_snapshot_win.cc(99)] thread ID 16772 not found in process
[1112/024854.528:ERROR:process_reader_win.cc(123)] NtOpenThread: {Acceso denegado} Un proceso ha solicitado acceso a un objeto, pero no se le han concedido esos derechos de acceso. (0xc0000022)
[1112/024854.528:ERROR:exception_snapshot_win.cc(99)] thread ID 10060 not found in process
[1112/025437.676:ERROR:process_reader_win.cc(123)] NtOpenThread: {Acceso denegado} Un proceso ha solicitado acceso a un objeto, pero no se le han concedido esos derechos de acceso. (0xc0000022)
[1112/025437.676:ERROR:exception_snapshot_win.cc(99)] thread ID 12984 not found in process
[1112/025437.685:ERROR:process_reader_win.cc(123)] NtOpenThread: {Acceso denegado} Un proceso ha solicitado acceso a un objeto, pero no se le han concedido esos derechos de acceso. (0xc0000022)
[1112/025437.685:ERROR:exception_snapshot_win.cc(99)] thread ID 13892 not found in process
[1112/025756.314:ERROR:process_reader_win.cc(123)] NtOpenThread: {Acceso denegado} Un proceso ha solicitado acceso a un objeto, pero no se le han concedido esos derechos de acceso. (0xc0000022)
[1112/025756.315:ERROR:exception_snapshot_win.cc(99)] thread ID 2444 not found in process
[1112/025756.316:ERROR:process_reader_win.cc(123)] NtOpenThread: {Acceso denegado} Un proceso ha solicitado acceso a un objeto, pero no se le han concedido esos derechos de acceso. (0xc0000022)
[1112/025756.316:ERROR:exception_snapshot_win.cc(99)] thread ID 6048 not found in process
[1112/025756.327:ERROR:process_reader_win.cc(123)] NtOpenThread: {Acceso denegado} Un proceso ha solicitado acceso a un objeto, pero no se le han concedido esos derechos de acceso. (0xc0000022)
[1112/025756.327:ERROR:exception_snapshot_win.cc(99)] thread ID 15548 not found in process
[1112/025850.678:ERROR:process_reader_win.cc(123)] NtOpenThread: {Acceso denegado} Un proceso ha solicitado acceso a un objeto, pero no se le han concedido esos derechos de acceso. (0xc0000022)
[1112/025850.679:ERROR:exception_snapshot_win.cc(99)] thread ID 17228 not found in process
[1112/025850.688:ERROR:process_reader_win.cc(123)] NtOpenThread: {Acceso denegado} Un proceso ha solicitado acceso a un objeto, pero no se le han concedido esos derechos de acceso. (0xc0000022)
[1112/025850.688:ERROR:exception_snapshot_win.cc(99)] thread ID 12844 not found in process
[1112/025936.352:ERROR:process_reader_win.cc(123)] NtOpenThread: {Acceso denegado} Un proceso ha solicitado acceso a un objeto, pero no se le han concedido esos derechos de acceso. (0xc0000022)
[1112/025936.353:ERROR:exception_snapshot_win.cc(99)] thread ID 15656 not found in process
[1112/025936.353:ERROR:process_reader_win.cc(123)] NtOpenThread: {Acceso denegado} Un proceso ha solicitado acceso a un objeto, pero no se le han concedido esos derechos de acceso. (0xc0000022)
[1112/025936.353:ERROR:exception_snapshot_win.cc(99)] thread ID 6116 not found in process
[1112/025936.363:ERROR:process_reader_win.cc(123)] NtOpenThread: {Acceso denegado} Un proceso ha solicitado acceso a un objeto, pero no se le han concedido esos derechos de acceso. (0xc0000022)
[1112/025936.363:ERROR:exception_snapshot_win.cc(99)] thread ID 6000 not found in process
[1112/030103.747:ERROR:process_reader_win.cc(123)] NtOpenThread: {Acceso denegado} Un proceso ha solicitado acceso a un objeto, pero no se le han concedido esos derechos de acceso. (0xc0000022)
[1112/030103.748:ERROR:exception_snapshot_win.cc(99)] thread ID 7408 not found in process
[1112/030103.759:ERROR:process_reader_win.cc(123)] NtOpenThread: {Acceso denegado} Un proceso ha solicitado acceso a un objeto, pero no se le han concedido esos derechos de acceso. (0xc0000022)
[1112/030103.759:ERROR:exception_snapshot_win.cc(99)] thread ID 14128 not found in process
[1112/030327.969:ERROR:process_reader_win.cc(123)] NtOpenThread: {Acceso denegado} Un proceso ha solicitado acceso a un objeto, pero no se le han concedido esos derechos de acceso. (0xc0000022)
[1112/030327.969:ERROR:exception_snapshot_win.cc(99)] thread ID 11876 not found in process
[1112/030327.980:ERROR:process_reader_win.cc(123)] NtOpenThread: {Acceso denegado} Un proceso ha solicitado acceso a un objeto, pero no se le han concedido esos derechos de acceso. (0xc0000022)
[1112/030327.980:ERROR:exception_snapshot_win.cc(99)] thread ID 5084 not found in process
[1112/031334.418:ERROR:process_reader_win.cc(123)] NtOpenThread: {Acceso denegado} Un proceso ha solicitado acceso a un objeto, pero no se le han concedido esos derechos de acceso. (0xc0000022)
[1112/031334.419:ERROR:exception_snapshot_win.cc(99)] thread ID 320 not found in process
[1112/031334.428:ERROR:process_reader_win.cc(123)] NtOpenThread: {Acceso denegado} Un proceso ha solicitado acceso a un objeto, pero no se le han concedido esos derechos de acceso. (0xc0000022)
[1112/031334.428:ERROR:exception_snapshot_win.cc(99)] thread ID 3552 not found in process
[1112/032628.694:ERROR:directory_reader_win.cc(43)] FindFirstFile: El sistema no puede encontrar la ruta especificada. (0x3)
[1112/035156.253:ERROR:process_reader_win.cc(123)] NtOpenThread: {Acceso denegado} Un proceso ha solicitado acceso a un objeto, pero no se le han concedido esos derechos de acceso. (0xc0000022)
[1112/035156.253:ERROR:exception_snapshot_win.cc(99)] thread ID 13872 not found in process
[1112/035156.263:ERROR:process_reader_win.cc(123)] NtOpenThread: {Acceso denegado} Un proceso ha solicitado acceso a un objeto, pero no se le han concedido esos derechos de acceso. (0xc0000022)
[1112/035156.263:ERROR:exception_snapshot_win.cc(99)] thread ID 6452 not found in process
[1112/040217.553:ERROR:directory_reader_win.cc(43)] FindFirstFile: El sistema no puede encontrar la ruta especificada. (0x3)
[1112/041705.999:ERROR:process_reader_win.cc(123)] NtOpenThread: {Acceso denegado} Un proceso ha solicitado acceso a un objeto, pero no se le han concedido esos derechos de acceso. (0xc0000022)
[1112/041705.999:ERROR:exception_snapshot_win.cc(99)] thread ID 2328 not found in process
[1112/041706.024:ERROR:process_reader_win.cc(123)] NtOpenThread: {Acceso denegado} Un proceso ha solicitado acceso a un objeto, pero no se le han concedido esos derechos de acceso. (0xc0000022)
[1112/041706.024:ERROR:exception_snapshot_win.cc(99)] thread ID 6904 not found in process
[1112/041844.920:ERROR:process_reader_win.cc(123)] NtOpenThread: {Acceso denegado} Un proceso ha solicitado acceso a un objeto, pero no se le han concedido esos derechos de acceso. (0xc0000022)
[1112/041844.921:ERROR:exception_snapshot_win.cc(99)] thread ID 17100 not found in process
[1112/041844.921:ERROR:process_reader_win.cc(123)] NtOpenThread: {Acceso denegado} Un proceso ha solicitado acceso a un objeto, pero no se le han concedido esos derechos de acceso. (0xc0000022)
[1112/041844.921:ERROR:exception_snapshot_win.cc(99)] thread ID 15416 not found in process
[1112/041844.935:ERROR:process_reader_win.cc(123)] NtOpenThread: {Acceso denegado} Un proceso ha solicitado acceso a un objeto, pero no se le han concedido esos derechos de acceso. (0xc0000022)
[1112/041844.935:ERROR:exception_snapshot_win.cc(99)] thread ID 15660 not found in process
[1112/041844.935:ERROR:process_reader_win.cc(123)] NtOpenThread: {Acceso denegado} Un proceso ha solicitado acceso a un objeto, pero no se le han concedido esos derechos de acceso. (0xc0000022)
[1112/041844.935:ERROR:exception_snapshot_win.cc(99)] thread ID 2548 not found in process
[1112/041935.096:ERROR:process_reader_win.cc(123)] NtOpenThread: {Acceso denegado} Un proceso ha solicitado acceso a un objeto, pero no se le han concedido esos derechos de acceso. (0xc0000022)
[1112/041935.097:ERROR:exception_snapshot_win.cc(99)] thread ID 14664 not found in process
[1112/041935.108:ERROR:process_reader_win.cc(123)] NtOpenThread: {Acceso denegado} Un proceso ha solicitado acceso a un objeto, pero no se le han concedido esos derechos de acceso. (0xc0000022)
[1112/041935.108:ERROR:exception_snapshot_win.cc(99)] thread ID 11032 not found in process
[1112/042306.882:ERROR:process_reader_win.cc(123)] NtOpenThread: {Acceso denegado} Un proceso ha solicitado acceso a un objeto, pero no se le han concedido esos derechos de acceso. (0xc0000022)
[1112/042306.883:ERROR:exception_snapshot_win.cc(99)] thread ID 6916 not found in process
[1112/042306.884:ERROR:process_reader_win.cc(123)] NtOpenThread: {Acceso denegado} Un proceso ha solicitado acceso a un objeto, pero no se le han concedido esos derechos de acceso. (0xc0000022)
[1112/042306.885:ERROR:exception_snapshot_win.cc(99)] thread ID 3028 not found in process
[1112/042306.897:ERROR:process_reader_win.cc(123)] NtOpenThread: {Acceso denegado} Un proceso ha solicitado acceso a un objeto, pero no se le han concedido esos derechos de acceso. (0xc0000022)
[1112/042306.897:ERROR:exception_snapshot_win.cc(99)] thread ID 1624 not found in process
[1112/042306.897:ERROR:process_reader_win.cc(123)] NtOpenThread: {Acceso denegado} Un proceso ha solicitado acceso a un objeto, pero no se le han concedido esos derechos de acceso. (0xc0000022)
[1112/042306.897:ERROR:exception_snapshot_win.cc(99)] thread ID 16828 not found in process
[1112/042803.997:ERROR:process_reader_win.cc(123)] NtOpenThread: {Acceso denegado} Un proceso ha solicitado acceso a un objeto, pero no se le han concedido esos derechos de acceso. (0xc0000022)
[1112/042803.997:ERROR:exception_snapshot_win.cc(99)] thread ID 3908 not found in process
[1112/042804.019:ERROR:process_reader_win.cc(123)] NtOpenThread: {Acceso denegado} Un proceso ha solicitado acceso a un objeto, pero no se le han concedido esos derechos de acceso. (0xc0000022)
[1112/042804.019:ERROR:exception_snapshot_win.cc(99)] thread ID 15904 not found in process
[1112/042804.046:ERROR:process_reader_win.cc(123)] NtOpenThread: {Acceso denegado} Un proceso ha solicitado acceso a un objeto, pero no se le han concedido esos derechos de acceso. (0xc0000022)
[1112/042804.046:ERROR:exception_snapshot_win.cc(99)] thread ID 17144 not found in process
[1112/042804.068:ERROR:process_reader_win.cc(123)] NtOpenThread: {Acceso denegado} Un proceso ha solicitado acceso a un objeto, pero no se le han concedido esos derechos de acceso. (0xc0000022)
[1112/042804.068:ERROR:exception_snapshot_win.cc(99)] thread ID 5668 not found in process
[1112/043138.877:ERROR:process_reader_win.cc(123)] NtOpenThread: {Acceso denegado} Un proceso ha solicitado acceso a un objeto, pero no se le han concedido esos derechos de acceso. (0xc0000022)
[1112/043138.877:ERROR:exception_snapshot_win.cc(99)] thread ID 13580 not found in process
[1112/043138.898:ERROR:process_reader_win.cc(123)] NtOpenThread: {Acceso denegado} Un proceso ha solicitado acceso a un objeto, pero no se le han concedido esos derechos de acceso. (0xc0000022)
[1112/043138.898:ERROR:exception_snapshot_win.cc(99)] thread ID 9588 not found in process
[1112/043856.050:ERROR:process_reader_win.cc(123)] NtOpenThread: {Acceso denegado} Un proceso ha solicitado acceso a un objeto, pero no se le han concedido esos derechos de acceso. (0xc0000022)
[1112/043856.057:ERROR:process_reader_win.cc(123)] NtOpenThread: {Acceso denegado} Un proceso ha solicitado acceso a un objeto, pero no se le han concedido esos derechos de acceso. (0xc0000022)
[1112/043856.451:ERROR:exception_snapshot_win.cc(99)] thread ID 3932 not found in process
[1112/043856.451:ERROR:exception_snapshot_win.cc(99)] thread ID 3972 not found in process
[1112/045044.528:ERROR:directory_reader_win.cc(43)] FindFirstFile: El sistema no puede encontrar la ruta especificada. (0x3)
[1112/145207.322:ERROR:directory_reader_win.cc(43)] FindFirstFile: El sistema no puede encontrar la ruta especificada. (0x3)
[1112/145825.250:ERROR:process_reader_win.cc(123)] NtOpenThread: {Acceso denegado} Un proceso ha solicitado acceso a un objeto, pero no se le han concedido esos derechos de acceso. (0xc0000022)
[1112/145825.250:ERROR:process_reader_win.cc(123)] NtOpenThread: {Acceso denegado} Un proceso ha solicitado acceso a un objeto, pero no se le han concedido esos derechos de acceso. (0xc0000022)
[1112/145825.250:ERROR:exception_snapshot_win.cc(99)] thread ID 9364 not found in process
[1112/145825.250:ERROR:exception_snapshot_win.cc(99)] thread ID 2268 not found in process
[1112/145825.262:ERROR:process_reader_win.cc(123)] NtOpenThread: {Acceso denegado} Un proceso ha solicitado acceso a un objeto, pero no se le han concedido esos derechos de acceso. (0xc0000022)
[1112/145825.262:ERROR:process_reader_win.cc(123)] NtOpenThread: {Acceso denegado} Un proceso ha solicitado acceso a un objeto, pero no se le han concedido esos derechos de acceso. (0xc0000022)
[1112/145825.262:ERROR:exception_snapshot_win.cc(99)] thread ID 2208 not found in process
[1112/145825.262:ERROR:exception_snapshot_win.cc(99)] thread ID 12384 not found in process
[1112/150045.988:ERROR:process_reader_win.cc(123)] NtOpenThread: {Acceso denegado} Un proceso ha solicitado acceso a un objeto, pero no se le han concedido esos derechos de acceso. (0xc0000022)
[1112/150045.988:ERROR:exception_snapshot_win.cc(99)] thread ID 13288 not found in process
[1112/150045.989:ERROR:process_reader_win.cc(123)] NtOpenThread: {Acceso denegado} Un proceso ha solicitado acceso a un objeto, pero no se le han concedido esos derechos de acceso. (0xc0000022)
[1112/150045.989:ERROR:exception_snapshot_win.cc(99)] thread ID 2480 not found in process
[1112/150045.999:ERROR:process_reader_win.cc(123)] NtOpenThread: {Acceso denegado} Un proceso ha solicitado acceso a un objeto, pero no se le han concedido esos derechos de acceso. (0xc0000022)
[1112/150045.999:ERROR:exception_snapshot_win.cc(99)] thread ID 13384 not found in process
[1112/150406.261:ERROR:process_reader_win.cc(123)] NtOpenThread: {Acceso denegado} Un proceso ha solicitado acceso a un objeto, pero no se le han concedido esos derechos de acceso. (0xc0000022)
[1112/150406.261:ERROR:exception_snapshot_win.cc(99)] thread ID 13908 not found in process
[1112/150406.269:ERROR:process_reader_win.cc(123)] NtOpenThread: {Acceso denegado} Un proceso ha solicitado acceso a un objeto, pero no se le han concedido esos derechos de acceso. (0xc0000022)
[1112/150406.269:ERROR:exception_snapshot_win.cc(99)] thread ID 3060 not found in process
[1112/152654.194:ERROR:process_reader_win.cc(123)] NtOpenThread: {Acceso denegado} Un proceso ha solicitado acceso a un objeto, pero no se le han concedido esos derechos de acceso. (0xc0000022)
[1112/152654.196:ERROR:exception_snapshot_win.cc(99)] thread ID 3932 not found in process
[1112/152654.197:ERROR:process_reader_win.cc(123)] NtOpenThread: {Acceso denegado} Un proceso ha solicitado acceso a un objeto, pero no se le han concedido esos derechos de acceso. (0xc0000022)
[1112/152654.198:ERROR:exception_snapshot_win.cc(99)] thread ID 3380 not found in process
[1112/152654.202:ERROR:process_reader_win.cc(123)] NtOpenThread: {Acceso denegado} Un proceso ha solicitado acceso a un objeto, pero no se le han concedido esos derechos de acceso. (0xc0000022)
[1112/152654.202:ERROR:exception_snapshot_win.cc(99)] thread ID 13660 not found in process
[1112/152654.212:ERROR:process_reader_win.cc(123)] NtOpenThread: {Acceso denegado} Un proceso ha solicitado acceso a un objeto, pero no se le han concedido esos derechos de acceso. (0xc0000022)
[1112/152654.212:ERROR:process_reader_win.cc(123)] NtOpenThread: {Acceso denegado} Un proceso ha solicitado acceso a un objeto, pero no se le han concedido esos derechos de acceso. (0xc0000022)
[1112/152654.212:ERROR:process_reader_win.cc(123)] NtOpenThread: {Acceso denegado} Un proceso ha solicitado acceso a un objeto, pero no se le han concedido esos derechos de acceso. (0xc0000022)
[1112/152654.212:ERROR:exception_snapshot_win.cc(99)] thread ID 13528 not found in process
[1112/152654.212:ERROR:exception_snapshot_win.cc(99)] thread ID 12384 not found in process
[1112/152654.212:ERROR:exception_snapshot_win.cc(99)] thread ID 12804 not found in process
[1112/152915.853:ERROR:process_reader_win.cc(123)] NtOpenThread: {Acceso denegado} Un proceso ha solicitado acceso a un objeto, pero no se le han concedido esos derechos de acceso. (0xc0000022)
[1112/152915.853:ERROR:exception_snapshot_win.cc(99)] thread ID 9536 not found in process
[1112/152915.862:ERROR:process_reader_win.cc(123)] NtOpenThread: {Acceso denegado} Un proceso ha solicitado acceso a un objeto, pero no se le han concedido esos derechos de acceso. (0xc0000022)
[1112/152915.862:ERROR:exception_snapshot_win.cc(99)] thread ID 11840 not found in process
[1112/153405.251:ERROR:process_reader_win.cc(123)] NtOpenThread: {Acceso denegado} Un proceso ha solicitado acceso a un objeto, pero no se le han concedido esos derechos de acceso. (0xc0000022)
[1112/153405.251:ERROR:exception_snapshot_win.cc(99)] thread ID 13244 not found in process
[1112/153405.254:ERROR:process_reader_win.cc(123)] NtOpenThread: {Acceso denegado} Un proceso ha solicitado acceso a un objeto, pero no se le han concedido esos derechos de acceso. (0xc0000022)
[1112/153405.254:ERROR:exception_snapshot_win.cc(99)] thread ID 13576 not found in process
[1112/153405.267:ERROR:process_reader_win.cc(123)] NtOpenThread: {Acceso denegado} Un proceso ha solicitado acceso a un objeto, pero no se le han concedido esos derechos de acceso. (0xc0000022)
[1112/153405.267:ERROR:exception_snapshot_win.cc(99)] thread ID 14740 not found in process
[1112/153405.267:ERROR:process_reader_win.cc(123)] NtOpenThread: {Acceso denegado} Un proceso ha solicitado acceso a un objeto, pero no se le han concedido esos derechos de acceso. (0xc0000022)
[1112/153405.267:ERROR:exception_snapshot_win.cc(99)] thread ID 496 not found in process
[1112/153604.494:ERROR:process_reader_win.cc(123)] NtOpenThread: {Acceso denegado} Un proceso ha solicitado acceso a un objeto, pero no se le han concedido esos derechos de acceso. (0xc0000022)
[1112/153604.495:ERROR:exception_snapshot_win.cc(99)] thread ID 15164 not found in process
[1112/153604.504:ERROR:process_reader_win.cc(123)] NtOpenThread: {Acceso denegado} Un proceso ha solicitado acceso a un objeto, pero no se le han concedido esos derechos de acceso. (0xc0000022)
[1112/153604.504:ERROR:exception_snapshot_win.cc(99)] thread ID 6160 not found in process
[1112/153838.588:ERROR:process_reader_win.cc(123)] NtOpenThread: {Acceso denegado} Un proceso ha solicitado acceso a un objeto, pero no se le han concedido esos derechos de acceso. (0xc0000022)
[1112/153838.588:ERROR:exception_snapshot_win.cc(99)] thread ID 13852 not found in process
[1112/153838.599:ERROR:process_reader_win.cc(123)] NtOpenThread: {Acceso denegado} Un proceso ha solicitado acceso a un objeto, pero no se le han concedido esos derechos de acceso. (0xc0000022)
[1112/153838.599:ERROR:exception_snapshot_win.cc(99)] thread ID 6504 not found in process
[1112/153845.652:ERROR:process_reader_win.cc(123)] NtOpenThread: {Acceso denegado} Un proceso ha solicitado acceso a un objeto, pero no se le han concedido esos derechos de acceso. (0xc0000022)
[1112/153845.652:ERROR:process_reader_win.cc(123)] NtOpenThread: {Acceso denegado} Un proceso ha solicitado acceso a un objeto, pero no se le han concedido esos derechos de acceso. (0xc0000022)
[1112/153845.652:ERROR:exception_snapshot_win.cc(99)] thread ID 7672 not found in process
[1112/153845.652:ERROR:exception_snapshot_win.cc(99)] thread ID 1924 not found in process
[1112/153845.660:ERROR:process_reader_win.cc(123)] NtOpenThread: {Acceso denegado} Un proceso ha solicitado acceso a un objeto, pero no se le han concedido esos derechos de acceso. (0xc0000022)
[1112/153845.660:ERROR:exception_snapshot_win.cc(99)] thread ID 11800 not found in process
[1112/154232.583:ERROR:process_reader_win.cc(123)] NtOpenThread: {Acceso denegado} Un proceso ha solicitado acceso a un objeto, pero no se le han concedido esos derechos de acceso. (0xc0000022)
[1112/154232.583:ERROR:exception_snapshot_win.cc(99)] thread ID 12412 not found in process
[1112/154232.584:ERROR:process_reader_win.cc(123)] NtOpenThread: {Acceso denegado} Un proceso ha solicitado acceso a un objeto, pero no se le han concedido esos derechos de acceso. (0xc0000022)
[1112/154232.585:ERROR:exception_snapshot_win.cc(99)] thread ID 15092 not found in process
[1112/154232.595:ERROR:process_reader_win.cc(123)] NtOpenThread: {Acceso denegado} Un proceso ha solicitado acceso a un objeto, pero no se le han concedido esos derechos de acceso. (0xc0000022)
[1112/154232.595:ERROR:process_reader_win.cc(123)] NtOpenThread: {Acceso denegado} Un proceso ha solicitado acceso a un objeto, pero no se le han concedido esos derechos de acceso. (0xc0000022)
[1112/154232.595:ERROR:exception_snapshot_win.cc(99)] thread ID 14644 not found in process
[1112/154232.595:ERROR:exception_snapshot_win.cc(99)] thread ID 13764 not found in process
[1112/154619.104:ERROR:process_reader_win.cc(123)] NtOpenThread: {Acceso denegado} Un proceso ha solicitado acceso a un objeto, pero no se le han concedido esos derechos de acceso. (0xc0000022)
[1112/154619.104:ERROR:exception_snapshot_win.cc(99)] thread ID 14692 not found in process
[1112/154619.113:ERROR:process_reader_win.cc(123)] NtOpenThread: {Acceso denegado} Un proceso ha solicitado acceso a un objeto, pero no se le han concedido esos derechos de acceso. (0xc0000022)
[1112/154619.113:ERROR:exception_snapshot_win.cc(99)] thread ID 14100 not found in process
[1112/155016.761:ERROR:process_reader_win.cc(123)] NtOpenThread: {Acceso denegado} Un proceso ha solicitado acceso a un objeto, pero no se le han concedido esos derechos de acceso. (0xc0000022)
[1112/155016.762:ERROR:exception_snapshot_win.cc(99)] thread ID 7016 not found in process
[1112/155016.763:ERROR:process_reader_win.cc(123)] NtOpenThread: {Acceso denegado} Un proceso ha solicitado acceso a un objeto, pero no se le han concedido esos derechos de acceso. (0xc0000022)
[1112/155016.763:ERROR:exception_snapshot_win.cc(99)] thread ID 6656 not found in process
[1112/155016.772:ERROR:process_reader_win.cc(123)] NtOpenThread: {Acceso denegado} Un proceso ha solicitado acceso a un objeto, pero no se le han concedido esos derechos de acceso. (0xc0000022)
[1112/155016.772:ERROR:exception_snapshot_win.cc(99)] thread ID 7112 not found in process
[1112/155432.486:ERROR:process_reader_win.cc(123)] NtOpenThread: {Acceso denegado} Un proceso ha solicitado acceso a un objeto, pero no se le han concedido esos derechos de acceso. (0xc0000022)
[1112/155432.487:ERROR:exception_snapshot_win.cc(99)] thread ID 14128 not found in process
[1112/155432.496:ERROR:process_reader_win.cc(123)] NtOpenThread: {Acceso denegado} Un proceso ha solicitado acceso a un objeto, pero no se le han concedido esos derechos de acceso. (0xc0000022)
[1112/155432.496:ERROR:exception_snapshot_win.cc(99)] thread ID 14884 not found in process
[1112/160956.044:ERROR:process_reader_win.cc(123)] NtOpenThread: {Acceso denegado} Un proceso ha solicitado acceso a un objeto, pero no se le han concedido esos derechos de acceso. (0xc0000022)
[1112/160956.044:ERROR:exception_snapshot_win.cc(99)] thread ID 6008 not found in process
[1112/160956.052:ERROR:process_reader_win.cc(123)] NtOpenThread: {Acceso denegado} Un proceso ha solicitado acceso a un objeto, pero no se le han concedido esos derechos de acceso. (0xc0000022)
[1112/160956.052:ERROR:exception_snapshot_win.cc(99)] thread ID 1408 not found in process
[1112/161328.671:ERROR:process_reader_win.cc(123)] NtOpenThread: {Acceso denegado} Un proceso ha solicitado acceso a un objeto, pero no se le han concedido esos derechos de acceso. (0xc0000022)
[1112/161328.671:ERROR:exception_snapshot_win.cc(99)] thread ID 12708 not found in process
[1112/161328.673:ERROR:process_reader_win.cc(123)] NtOpenThread: {Acceso denegado} Un proceso ha solicitado acceso a un objeto, pero no se le han concedido esos derechos de acceso. (0xc0000022)
[1112/161328.673:ERROR:exception_snapshot_win.cc(99)] thread ID 9256 not found in process
[1112/161328.683:ERROR:process_reader_win.cc(123)] NtOpenThread: {Acceso denegado} Un proceso ha solicitado acceso a un objeto, pero no se le han concedido esos derechos de acceso. (0xc0000022)
[1112/161328.683:ERROR:process_reader_win.cc(123)] NtOpenThread: {Acceso denegado} Un proceso ha solicitado acceso a un objeto, pero no se le han concedido esos derechos de acceso. (0xc0000022)
[1112/161328.683:ERROR:exception_snapshot_win.cc(99)] thread ID 12056 not found in process
[1112/161328.683:ERROR:exception_snapshot_win.cc(99)] thread ID 6596 not found in process
[1112/162406.281:ERROR:process_reader_win.cc(123)] NtOpenThread: {Acceso denegado} Un proceso ha solicitado acceso a un objeto, pero no se le han concedido esos derechos de acceso. (0xc0000022)
[1112/162406.282:ERROR:exception_snapshot_win.cc(99)] thread ID 15732 not found in process
[1112/162406.293:ERROR:process_reader_win.cc(123)] NtOpenThread: {Acceso denegado} Un proceso ha solicitado acceso a un objeto, pero no se le han concedido esos derechos de acceso. (0xc0000022)
[1112/162406.293:ERROR:exception_snapshot_win.cc(99)] thread ID 15736 not found in process
[1112/163103.450:ERROR:process_reader_win.cc(123)] NtOpenThread: {Acceso denegado} Un proceso ha solicitado acceso a un objeto, pero no se le han concedido esos derechos de acceso. (0xc0000022)
[1112/163103.450:ERROR:exception_snapshot_win.cc(99)] thread ID 6120 not found in process
[1112/163103.458:ERROR:process_reader_win.cc(123)] NtOpenThread: {Acceso denegado} Un proceso ha solicitado acceso a un objeto, pero no se le han concedido esos derechos de acceso. (0xc0000022)
[1112/163103.458:ERROR:exception_snapshot_win.cc(99)] thread ID 2492 not found in process
